# JRE version: Java(TM) SE Runtime Environment (16.0+36) (build 16+36-2231)
# Java VM: Java HotSpot(TM) 64-Bit Server VM (16+36-2231, mixed mode, sharing, tiered, compressed oops, g1 gc, windows-amd64)
GC Precious Log:
 CPUs: 4 total, 4 available
 Memory: 3969M
 Large Page Support: Disabled
 NUMA Support: Disabled
 Compressed Oops: Enabled (32-bit)
 Heap Region Size: 1M
 Heap Min Capacity: 8M
 Heap Initial Capacity: 64M
 Heap Max Capacity: 994M
 Pre-touch: Disabled
 Parallel Workers: 4
 Concurrent Workers: 1
 Concurrent Refinement Workers: 4
 Periodic GC: Disabled
Heap:
 garbage-first heap   total 53248K, used 31793K [0x00000000c1e00000, 0x0000000100000000)
  region size 1024K, 5 young (5120K), 2 survivors (2048K)
 Metaspace       used 53911K, committed 54400K, reserved 1097728K
  class space    used 7000K, committed 7232K, reserved 1048576K
GC Heap History (20 events):
Event: 25.790 GC heap before
{Heap before GC invocations=12 (full 0):
 garbage-first heap   total 48128K, used 35380K [0x00000000c1e00000, 0x0000000100000000)
  region size 1024K, 21 young (21504K), 3 survivors (3072K)
 Metaspace       used 34974K, committed 35392K, reserved 1081344K
  class space    used 4465K, committed 4672K, reserved 1048576K
}
Event: 25.797 GC heap after
{Heap after GC invocations=13 (full 0):
 garbage-first heap   total 48128K, used 19522K [0x00000000c1e00000, 0x0000000100000000)
  region size 1024K, 3 young (3072K), 3 survivors (3072K)
 Metaspace       used 34974K, committed 35392K, reserved 1081344K
  class space    used 4465K, committed 4672K, reserved 1048576K
}
Event: 25.984 GC heap before
{Heap before GC invocations=13 (full 0):
 garbage-first heap   total 48128K, used 31810K [0x00000000c1e00000, 0x0000000100000000)
  region size 1024K, 16 young (16384K), 3 survivors (3072K)
 Metaspace       used 35332K, committed 35648K, reserved 1081344K
  class space    used 4510K, committed 4672K, reserved 1048576K
}
Event: 25.990 GC heap after
{Heap after GC invocations=14 (full 0):
 garbage-first heap   total 48128K, used 20056K [0x00000000c1e00000, 0x0000000100000000)
  region size 1024K, 1 young (1024K), 1 survivors (1024K)
 Metaspace       used 35332K, committed 35648K, reserved 1081344K
  class space    used 4510K, committed 4672K, reserved 1048576K
}
Event: 27.455 GC heap before
{Heap before GC invocations=15 (full 0):
 garbage-first heap   total 48128K, used 37464K [0x00000000c1e00000, 0x0000000100000000)
  region size 1024K, 18 young (18432K), 1 survivors (1024K)
 Metaspace       used 38669K, committed 39040K, reserved 1089536K
  class space    used 5035K, committed 5184K, reserved 1048576K
}
Event: 27.467 GC heap after
{Heap after GC invocations=16 (full 0):
 garbage-first heap   total 48128K, used 21059K [0x00000000c1e00000, 0x0000000100000000)
  region size 1024K, 2 young (2048K), 2 survivors (2048K)
 Metaspace       used 38669K, committed 39040K, reserved 1089536K
  class space    used 5035K, committed 5184K, reserved 1048576K
}
Event: 28.655 GC heap before
{Heap before GC invocations=16 (full 0):
 garbage-first heap   total 48128K, used 37443K [0x00000000c1e00000, 0x0000000100000000)
  region size 1024K, 18 young (18432K), 2 survivors (2048K)
 Metaspace       used 41096K, committed 41536K, reserved 1089536K
  class space    used 5426K, committed 5632K, reserved 1048576K
}
Event: 28.660 GC heap after
{Heap after GC invocations=17 (full 0):
 garbage-first heap   total 48128K, used 22622K [0x00000000c1e00000, 0x0000000100000000)
  region size 1024K, 3 young (3072K), 3 survivors (3072K)
 Metaspace       used 41096K, committed 41536K, reserved 1089536K
  class space    used 5426K, committed 5632K, reserved 1048576K
}
Event: 30.463 GC heap before
{Heap before GC invocations=17 (full 0):
 garbage-first heap   total 48128K, used 37982K [0x00000000c1e00000, 0x0000000100000000)
  region size 1024K, 18 young (18432K), 3 survivors (3072K)
 Metaspace       used 43367K, committed 43840K, reserved 1089536K
  class space    used 5733K, committed 5952K, reserved 1048576K
}
Event: 30.469 GC heap after
{Heap after GC invocations=18 (full 0):
 garbage-first heap   total 48128K, used 24206K [0x00000000c1e00000, 0x0000000100000000)
  region size 1024K, 2 young (2048K), 2 survivors (2048K)
 Metaspace       used 43367K, committed 43840K, reserved 1089536K
  class space    used 5733K, committed 5952K, reserved 1048576K
}
Event: 33.422 GC heap before
{Heap before GC invocations=18 (full 0):
 garbage-first heap   total 48128K, used 37518K [0x00000000c1e00000, 0x0000000100000000)
  region size 1024K, 15 young (15360K), 2 survivors (2048K)
 Metaspace       used 46868K, committed 47296K, reserved 1089536K
  class space    used 6171K, committed 6400K, reserved 1048576K
}
Event: 33.432 GC heap after
{Heap after GC invocations=19 (full 0):
 garbage-first heap   total 48128K, used 26372K [0x00000000c1e00000, 0x0000000100000000)
  region size 1024K, 2 young (2048K), 2 survivors (2048K)
 Metaspace       used 46868K, committed 47296K, reserved 1089536K
  class space    used 6171K, committed 6400K, reserved 1048576K
}
Event: 35.555 GC heap before
{Heap before GC invocations=20 (full 0):
 garbage-first heap   total 48128K, used 36612K [0x00000000c1e00000, 0x0000000100000000)
  region size 1024K, 13 young (13312K), 2 survivors (2048K)
 Metaspace       used 48008K, committed 48448K, reserved 1097728K
  class space    used 6305K, committed 6528K, reserved 1048576K
}
Event: 35.559 GC heap after
{Heap after GC invocations=21 (full 0):
 garbage-first heap   total 48128K, used 27438K [0x00000000c1e00000, 0x0000000100000000)
  region size 1024K, 1 young (1024K), 1 survivors (1024K)
 Metaspace       used 48008K, committed 48448K, reserved 1097728K
  class space    used 6305K, committed 6528K, reserved 1048576K
}
Event: 36.060 GC heap before
{Heap before GC invocations=21 (full 0):
 garbage-first heap   total 48128K, used 37678K [0x00000000c1e00000, 0x0000000100000000)
  region size 1024K, 11 young (11264K), 1 survivors (1024K)
 Metaspace       used 48786K, committed 49216K, reserved 1097728K
  class space    used 6395K, committed 6592K, reserved 1048576K
}
Event: 36.064 GC heap after
{Heap after GC invocations=22 (full 0):
 garbage-first heap   total 48128K, used 28187K [0x00000000c1e00000, 0x0000000100000000)
  region size 1024K, 2 young (2048K), 2 survivors (2048K)
 Metaspace       used 48786K, committed 49216K, reserved 1097728K
  class space    used 6395K, committed 6592K, reserved 1048576K
}
Event: 109.487 GC heap before
{Heap before GC invocations=23 (full 0):
 garbage-first heap   total 51200K, used 36379K [0x00000000c1e00000, 0x0000000100000000)
  region size 1024K, 11 young (11264K), 2 survivors (2048K)
 Metaspace       used 51280K, committed 51648K, reserved 1097728K
  class space    used 6689K, committed 6848K, reserved 1048576K
}
Event: 109.492 GC heap after
{Heap after GC invocations=24 (full 0):
 garbage-first heap   total 51200K, used 28978K [0x00000000c1e00000, 0x0000000100000000)
  region size 1024K, 2 young (2048K), 2 survivors (2048K)
 Metaspace       used 51280K, committed 51648K, reserved 1097728K
  class space    used 6689K, committed 6848K, reserved 1048576K
}
Event: 289.086 GC heap before
{Heap before GC invocations=24 (full 0):
 garbage-first heap   total 51200K, used 40242K [0x00000000c1e00000, 0x0000000100000000)
  region size 1024K, 13 young (13312K), 2 survivors (2048K)
 Metaspace       used 53679K, committed 54144K, reserved 1097728K
  class space    used 6984K, committed 7232K, reserved 1048576K
}
Event: 289.111 GC heap after
{Heap after GC invocations=25 (full 0):
 garbage-first heap   total 51200K, used 29745K [0x00000000c1e00000, 0x0000000100000000)
  region size 1024K, 2 young (2048K), 2 survivors (2048K)
 Metaspace       used 53679K, committed 54144K, reserved 1097728K
  class space    used 6984K, committed 7232K, reserved 1048576K
}

